2023-10-02 18:03:23 INFO     Validation cell type: t_reg
2023-10-02 18:03:23 INFO     Validation cell type: t_cd8
2023-10-02 18:03:23 INFO     Validation cell type: t_cd4
2023-10-02 18:03:23 INFO     Validation cell type: nk
2023-10-02 18:03:28 INFO     Loading data
2023-10-02 18:03:28 INFO     Loading data
2023-10-02 18:03:28 INFO     Loading data
2023-10-02 18:03:28 INFO     Loading data
2023-10-02 18:03:34 INFO     Training started
2023-10-02 18:03:34 INFO     Training started
2023-10-02 18:03:34 INFO     Training started
2023-10-02 18:03:34 INFO     Training started
2023-10-02 18:04:49 INFO     Validation cell type: t_cd4
2023-10-02 18:04:49 INFO     Validation cell type: nk
2023-10-02 18:04:49 INFO     Validation cell type: t_reg
2023-10-02 18:04:49 INFO     Validation cell type: t_cd8
2023-10-02 18:04:53 INFO     Loading data
2023-10-02 18:04:53 INFO     Loading data
2023-10-02 18:04:53 INFO     Loading data
2023-10-02 18:04:53 INFO     Loading data
2023-10-02 18:04:59 INFO     Training started
2023-10-02 18:04:59 INFO     Training started
2023-10-02 18:04:59 INFO     Training started
2023-10-02 18:04:59 INFO     Training started
2023-10-02 18:16:03 INFO     Training finished
2023-10-02 18:16:05 INFO     Training finished
2023-10-02 18:16:08 INFO     Training finished
2023-10-02 18:16:25 INFO     Training finished
2023-10-02 18:27:00 INFO     Training finished
2023-10-02 18:27:01 INFO     Training finished
2023-10-02 18:27:29 INFO     Training finished
2023-10-02 18:27:44 INFO     Training finished
2023-10-02 18:37:50 INFO     Training finished
2023-10-02 18:37:58 INFO     Training finished
2023-10-02 18:38:30 INFO     Training finished
2023-10-02 18:38:58 INFO     Training finished
2023-10-02 18:48:33 INFO     Training finished
2023-10-02 18:48:54 INFO     Training finished
2023-10-02 18:49:37 INFO     Training finished
2023-10-02 18:50:07 INFO     Training finished
2023-10-02 18:59:23 INFO     Training finished
2023-10-02 19:00:07 INFO     Training finished
2023-10-02 19:00:49 INFO     Training finished
2023-10-02 19:01:15 INFO     Training finished
2023-10-02 19:10:22 INFO     Training finished
2023-10-02 19:11:13 INFO     Training finished
2023-10-02 19:12:04 INFO     Training finished
2023-10-02 19:12:29 INFO     Training finished
2023-10-02 19:21:24 INFO     Training finished
2023-10-02 19:22:13 INFO     Training finished
2023-10-02 19:23:20 INFO     Training finished
2023-10-02 19:23:46 INFO     Training finished
2023-10-02 19:32:27 INFO     Training finished
2023-10-02 19:33:14 INFO     Training finished
2023-10-02 19:34:35 INFO     Training finished
2023-10-02 19:34:53 INFO     Training finished
2023-10-02 19:43:26 INFO     Training finished
2023-10-02 19:44:24 INFO     Training finished
2023-10-02 19:45:54 INFO     Training finished
2023-10-02 19:46:06 INFO     Training finished
2023-10-02 19:54:25 INFO     Training finished
2023-10-02 19:55:20 INFO     Training finished
2023-10-02 19:57:16 INFO     Training finished
2023-10-02 19:57:25 INFO     Training finished
2023-10-02 20:05:28 INFO     Training finished
2023-10-02 20:06:12 INFO     Training finished
2023-10-02 20:08:30 INFO     Training finished
2023-10-02 20:08:40 INFO     Training finished
2023-10-02 20:16:25 INFO     Training finished
2023-10-02 20:17:07 INFO     Training finished
2023-10-02 20:19:39 INFO     Training finished
2023-10-02 20:19:51 INFO     Training finished
2023-10-02 20:27:17 INFO     Training finished
2023-10-02 20:28:09 INFO     Training finished
2023-10-02 20:30:52 INFO     Training finished
2023-10-02 20:30:58 INFO     Training finished
2023-10-02 20:38:22 INFO     Training finished
2023-10-02 20:39:05 INFO     Training finished
2023-10-02 20:41:59 INFO     Training finished
2023-10-02 20:42:16 INFO     Training finished
2023-10-02 20:49:19 INFO     Training finished
2023-10-02 20:50:01 INFO     Training finished
2023-10-02 20:53:07 INFO     Training finished
2023-10-02 20:53:17 INFO     Training finished
2023-10-02 21:00:09 INFO     Training finished
2023-10-02 21:01:02 INFO     Training finished
2023-10-02 21:04:12 INFO     Training finished
2023-10-02 21:04:30 INFO     Training finished
2023-10-02 21:11:00 INFO     Training finished
2023-10-02 21:11:57 INFO     Training finished
2023-10-02 21:15:26 INFO     Training finished
2023-10-02 21:15:47 INFO     Training finished
2023-10-02 21:22:05 INFO     Training finished
2023-10-02 21:22:49 INFO     Training finished
2023-10-02 21:26:33 INFO     Training finished
2023-10-02 21:27:08 INFO     Training finished
2023-10-02 21:32:59 INFO     Training finished
2023-10-02 21:33:48 INFO     Training finished
2023-10-02 21:37:39 INFO     Training finished
2023-10-02 21:38:30 INFO     Training finished
2023-10-02 21:43:50 INFO     Training finished
2023-10-02 21:44:43 INFO     Training finished
2023-10-02 21:48:42 INFO     Training finished
2023-10-02 21:50:07 INFO     Training finished
2023-10-02 21:54:55 INFO     Training finished
2023-10-02 21:55:50 INFO     Training finished
2023-10-02 21:59:51 INFO     Training finished
2023-10-02 22:01:22 INFO     Training finished
2023-10-02 22:05:52 INFO     Training finished
2023-10-02 22:06:56 INFO     Training finished
2023-10-02 22:10:58 INFO     Training finished
2023-10-02 22:12:44 INFO     Training finished
2023-10-02 22:17:04 INFO     Training finished
2023-10-02 22:18:02 INFO     Training finished
2023-10-02 22:22:03 INFO     Training finished
2023-10-02 22:24:01 INFO     Training finished
2023-10-02 22:28:10 INFO     Training finished
2023-10-02 22:29:01 INFO     Training finished
2023-10-02 22:33:10 INFO     Training finished
2023-10-02 22:35:07 INFO     Training finished
2023-10-02 22:39:09 INFO     Training finished
2023-10-02 22:39:58 INFO     Training finished
2023-10-02 22:44:13 INFO     Training finished
2023-10-02 22:46:14 INFO     Training finished
2023-10-02 22:50:01 INFO     Training finished
2023-10-02 22:50:59 INFO     Training finished
2023-10-02 22:55:19 INFO     Training finished
2023-10-02 22:57:20 INFO     Training finished
2023-10-02 23:00:54 INFO     Training finished
2023-10-02 23:01:58 INFO     Training finished
2023-10-02 23:06:26 INFO     Training finished
2023-10-02 23:08:24 INFO     Training finished
2023-10-02 23:11:48 INFO     Training finished
2023-10-02 23:12:52 INFO     Training finished
2023-10-02 23:17:32 INFO     Training finished
2023-10-02 23:19:30 INFO     Training finished
2023-10-02 23:22:36 INFO     Training finished
2023-10-02 23:24:03 INFO     Training finished
2023-10-02 23:28:41 INFO     Training finished
2023-10-02 23:30:33 INFO     Training finished
2023-10-02 23:33:29 INFO     Training finished
2023-10-02 23:35:13 INFO     Training finished
2023-10-02 23:39:37 INFO     Training finished
2023-10-02 23:41:35 INFO     Training finished
2023-10-02 23:44:38 INFO     Training finished
2023-10-02 23:46:15 INFO     Training finished
2023-10-02 23:50:37 INFO     Training finished
2023-10-02 23:52:46 INFO     Training finished
2023-10-02 23:55:42 INFO     Training finished
2023-10-02 23:57:17 INFO     Training finished
2023-10-03 00:01:37 INFO     Training finished
2023-10-03 00:03:48 INFO     Training finished
2023-10-03 00:06:32 INFO     Training finished
2023-10-03 00:08:16 INFO     Training finished
2023-10-03 00:12:47 INFO     Training finished
2023-10-03 00:15:00 INFO     Training finished
2023-10-03 00:17:36 INFO     Training finished
2023-10-03 00:19:12 INFO     Training finished
2023-10-03 00:23:55 INFO     Training finished
2023-10-03 00:26:29 INFO     Training finished
2023-10-03 00:28:40 INFO     Training finished
2023-10-03 00:30:09 INFO     Training finished
2023-10-03 00:34:50 INFO     Training finished
2023-10-03 00:37:46 INFO     Training finished
2023-10-03 00:39:43 INFO     Training finished
2023-10-03 00:41:03 INFO     Training finished
2023-10-03 00:45:43 INFO     Training finished
2023-10-03 00:49:26 INFO     Training finished
2023-10-03 00:50:48 INFO     Training finished
2023-10-03 00:51:55 INFO     Training finished
2023-10-03 00:56:35 INFO     Training finished
2023-10-03 01:00:33 INFO     Training finished
2023-10-03 01:01:44 INFO     Training finished
2023-10-03 01:02:50 INFO     Training finished
2023-10-03 01:07:39 INFO     Training finished
2023-10-03 01:11:49 INFO     Training finished
2023-10-03 01:12:44 INFO     Training finished
2023-10-03 01:13:46 INFO     Training finished
2023-10-03 01:18:47 INFO     Training finished
2023-10-03 01:23:11 INFO     Training finished
2023-10-03 01:23:43 INFO     Training finished
2023-10-03 01:24:47 INFO     Training finished
2023-10-03 01:29:55 INFO     Training finished
2023-10-03 01:34:32 INFO     Training finished
2023-10-03 01:35:02 INFO     Training finished
2023-10-03 01:35:48 INFO     Training finished
2023-10-03 01:41:01 INFO     Training finished
2023-10-03 01:46:04 INFO     Training finished
2023-10-03 01:46:19 INFO     Training finished
2023-10-03 01:46:49 INFO     Training finished
2023-10-03 01:52:12 INFO     Training finished
2023-10-03 01:57:18 INFO     Training finished
2023-10-03 01:57:42 INFO     Training finished
2023-10-03 01:57:48 INFO     Training finished
2023-10-03 02:03:05 INFO     Training finished
2023-10-03 02:08:33 INFO     Training finished
2023-10-03 02:08:51 INFO     Training finished
2023-10-03 02:08:56 INFO     Training finished
2023-10-03 02:14:19 INFO     Training finished
2023-10-03 02:19:40 INFO     Training finished
2023-10-03 02:19:54 INFO     Training finished
2023-10-03 02:20:07 INFO     Training finished
2023-10-03 02:25:25 INFO     Training finished
2023-10-03 02:30:59 INFO     Training finished
2023-10-03 02:31:06 INFO     Training finished
2023-10-03 02:31:11 INFO     Training finished
2023-10-03 02:36:31 INFO     Training finished
2023-10-03 02:41:57 INFO     Training finished
2023-10-03 02:41:59 INFO     Training finished
2023-10-03 02:42:22 INFO     Training finished
2023-10-03 02:47:35 INFO     Training finished
2023-10-03 02:52:50 INFO     Training finished
2023-10-03 02:52:57 INFO     Training finished
2023-10-03 02:53:43 INFO     Training finished
2023-10-03 02:58:39 INFO     Training finished
2023-10-03 03:03:37 INFO     Training finished
2023-10-03 03:04:03 INFO     Training finished
2023-10-03 03:04:52 INFO     Training finished
2023-10-03 03:09:43 INFO     Training finished
2023-10-03 03:14:28 INFO     Training finished
2023-10-03 03:14:59 INFO     Training finished
2023-10-03 03:16:05 INFO     Training finished
2023-10-03 03:20:50 INFO     Training finished
2023-10-03 03:25:14 INFO     Training finished
2023-10-03 03:26:02 INFO     Training finished
2023-10-03 03:27:10 INFO     Training finished
2023-10-03 03:31:57 INFO     Training finished
2023-10-03 03:36:00 INFO     Training finished
2023-10-03 03:36:56 INFO     Training finished
2023-10-03 03:38:31 INFO     Training finished
2023-10-03 03:43:01 INFO     Training finished
2023-10-03 03:46:45 INFO     Training finished
2023-10-03 03:47:55 INFO     Training finished
2023-10-03 03:49:43 INFO     Training finished
2023-10-03 03:54:07 INFO     Training finished
2023-10-03 03:57:42 INFO     Training finished
2023-10-03 03:58:50 INFO     Training finished
2023-10-03 04:01:01 INFO     Training finished
2023-10-03 04:05:17 INFO     Training finished
2023-10-03 04:08:34 INFO     Training finished
2023-10-03 04:09:47 INFO     Training finished
2023-10-03 04:12:17 INFO     Training finished
2023-10-03 04:16:24 INFO     Training finished
2023-10-03 04:19:18 INFO     Training finished
2023-10-03 04:20:49 INFO     Training finished
2023-10-03 04:23:36 INFO     Training finished
2023-10-03 04:27:30 INFO     Training finished
2023-10-03 04:30:12 INFO     Training finished
2023-10-03 04:31:46 INFO     Training finished
2023-10-03 04:34:55 INFO     Training finished
2023-10-03 04:38:35 INFO     Training finished
2023-10-03 04:40:53 INFO     Training finished
2023-10-03 04:42:46 INFO     Training finished
2023-10-03 04:46:26 INFO     Training finished
2023-10-03 04:49:44 INFO     Training finished
2023-10-03 04:51:39 INFO     Training finished
2023-10-03 04:53:41 INFO     Training finished
2023-10-03 04:57:47 INFO     Training finished
2023-10-03 05:00:59 INFO     Training finished
2023-10-03 05:02:33 INFO     Training finished
2023-10-03 05:04:40 INFO     Training finished
2023-10-03 05:09:03 INFO     Training finished
2023-10-03 05:12:13 INFO     Training finished
2023-10-03 05:13:29 INFO     Training finished
2023-10-03 05:15:43 INFO     Training finished
2023-10-03 05:20:09 INFO     Training finished
2023-10-03 05:23:20 INFO     Training finished
2023-10-03 05:24:28 INFO     Training finished
2023-10-03 05:26:40 INFO     Training finished
2023-10-03 05:31:26 INFO     Training finished
2023-10-03 05:34:30 INFO     Training finished
2023-10-03 05:35:13 INFO     Training finished
2023-10-03 05:37:40 INFO     Training finished
2023-10-03 05:42:46 INFO     Training finished
2023-10-03 05:45:37 INFO     Training finished
2023-10-03 05:45:57 INFO     Training finished
2023-10-03 05:48:45 INFO     Training finished
2023-10-03 05:53:50 INFO     Training finished
2023-10-03 05:56:47 INFO     Training finished
2023-10-03 05:56:51 INFO     Training finished
2023-10-03 05:59:44 INFO     Training finished
2023-10-03 06:05:08 INFO     Training finished
2023-10-03 06:07:45 INFO     Training finished
2023-10-03 06:07:55 INFO     Training finished
2023-10-03 06:10:48 INFO     Training finished
2023-10-03 06:16:23 INFO     Training finished
2023-10-03 06:18:39 INFO     Training finished
2023-10-03 06:19:07 INFO     Training finished
2023-10-03 06:21:52 INFO     Training finished
2023-10-03 06:27:45 INFO     Training finished
2023-10-03 06:29:33 INFO     Training finished
2023-10-03 06:30:15 INFO     Training finished
2023-10-03 06:32:54 INFO     Training finished
2023-10-03 06:38:56 INFO     Training finished
2023-10-03 06:40:33 INFO     Training finished
2023-10-03 06:41:23 INFO     Training finished
2023-10-03 06:43:55 INFO     Training finished
2023-10-03 06:49:58 INFO     Training finished
2023-10-03 06:51:25 INFO     Training finished
2023-10-03 06:52:33 INFO     Training finished
2023-10-03 06:54:55 INFO     Training finished
2023-10-03 07:01:13 INFO     Training finished
2023-10-03 07:02:26 INFO     Training finished
2023-10-03 07:03:41 INFO     Training finished
2023-10-03 07:05:56 INFO     Training finished
2023-10-03 07:12:28 INFO     Training finished
2023-10-03 07:13:19 INFO     Training finished
2023-10-03 07:14:51 INFO     Training finished
2023-10-03 07:16:50 INFO     Training finished
2023-10-03 07:23:40 INFO     Training finished
2023-10-03 07:24:13 INFO     Training finished
2023-10-03 07:25:56 INFO     Training finished
2023-10-03 07:27:50 INFO     Training finished
2023-10-03 07:34:56 INFO     Training finished
2023-10-03 07:35:20 INFO     Training finished
2023-10-03 07:37:15 INFO     Training finished
2023-10-03 07:38:51 INFO     Training finished
2023-10-03 07:45:53 INFO     Training finished
2023-10-03 07:46:11 INFO     Training finished
2023-10-03 07:48:21 INFO     Training finished
2023-10-03 07:49:56 INFO     Training finished
2023-10-03 07:57:00 INFO     Training finished
2023-10-03 07:57:05 INFO     Training finished
2023-10-03 07:59:31 INFO     Training finished
2023-10-03 08:00:58 INFO     Training finished
2023-10-03 08:07:58 INFO     Training finished
2023-10-03 08:07:59 INFO     Training finished
2023-10-03 08:10:38 INFO     Training finished
2023-10-03 08:11:57 INFO     Training finished
2023-10-03 08:18:58 INFO     Training finished
2023-10-03 08:19:14 INFO     Training finished
2023-10-03 08:21:48 INFO     Training finished
2023-10-03 08:22:54 INFO     Training finished
2023-10-03 08:29:48 INFO     Training finished
2023-10-03 08:30:43 INFO     Training finished
2023-10-03 08:32:55 INFO     Training finished
2023-10-03 08:33:57 INFO     Training finished
2023-10-03 08:40:37 INFO     Training finished
2023-10-03 08:42:06 INFO     Training finished
2023-10-03 08:44:02 INFO     Training finished
2023-10-03 08:45:03 INFO     Training finished
2023-10-03 08:51:36 INFO     Training finished
2023-10-03 08:53:18 INFO     Training finished
2023-10-03 08:55:08 INFO     Training finished
2023-10-03 08:56:02 INFO     Training finished
2023-10-03 09:02:38 INFO     Training finished
2023-10-03 09:04:38 INFO     Training finished
2023-10-03 09:06:17 INFO     Training finished
2023-10-03 09:07:03 INFO     Training finished
2023-10-03 09:13:34 INFO     Training finished
2023-10-03 09:16:03 INFO     Training finished
2023-10-03 09:17:24 INFO     Training finished
2023-10-03 09:18:11 INFO     Training finished
2023-10-03 09:24:21 INFO     Training finished
2023-10-03 09:27:10 INFO     Training finished
2023-10-03 09:28:35 INFO     Training finished
2023-10-03 09:29:09 INFO     Training finished
2023-10-03 09:35:12 INFO     Training finished
2023-10-03 09:38:23 INFO     Training finished
2023-10-03 09:39:47 INFO     Training finished
2023-10-03 09:40:19 INFO     Training finished
2023-10-03 09:46:13 INFO     Training finished
2023-10-03 09:49:32 INFO     Training finished
2023-10-03 09:50:47 INFO     Training finished
2023-10-03 09:51:20 INFO     Training finished
2023-10-03 09:57:14 INFO     Training finished
2023-10-03 10:00:38 INFO     Training finished
2023-10-03 10:01:46 INFO     Training finished
2023-10-03 10:02:07 INFO     Training finished
2023-10-03 10:08:18 INFO     Training finished
2023-10-03 10:11:47 INFO     Training finished
2023-10-03 10:12:40 INFO     Training finished
2023-10-03 10:12:56 INFO     Training finished
2023-10-03 10:19:33 INFO     Training finished
2023-10-03 10:22:50 INFO     Training finished
2023-10-03 10:23:51 INFO     Training finished
2023-10-03 10:23:55 INFO     Training finished
2023-10-03 10:30:37 INFO     Training finished
2023-10-03 10:33:46 INFO     Training finished
2023-10-03 10:34:53 INFO     Training finished
2023-10-03 10:34:56 INFO     Training finished
2023-10-03 10:41:39 INFO     Training finished
2023-10-03 10:44:54 INFO     Training finished
2023-10-03 10:45:54 INFO     Training finished
2023-10-03 10:46:02 INFO     Training finished
2023-10-03 10:52:27 INFO     Training finished
2023-10-03 10:55:53 INFO     Training finished
2023-10-03 10:56:53 INFO     Training finished
2023-10-03 10:57:14 INFO     Training finished
2023-10-03 11:03:53 INFO     Training finished
2023-10-03 11:07:04 INFO     Training finished
2023-10-03 11:07:49 INFO     Training finished
2023-10-03 11:08:19 INFO     Training finished
2023-10-03 11:14:57 INFO     Training finished
2023-10-03 11:18:05 INFO     Training finished
2023-10-03 11:18:51 INFO     Training finished
2023-10-03 11:19:23 INFO     Training finished
2023-10-03 11:26:06 INFO     Training finished
2023-10-03 11:29:01 INFO     Training finished
2023-10-03 11:29:50 INFO     Training finished
2023-10-03 11:30:38 INFO     Training finished
2023-10-03 11:37:05 INFO     Training finished
2023-10-03 11:40:03 INFO     Training finished
2023-10-03 11:40:51 INFO     Training finished
2023-10-03 11:41:46 INFO     Training finished
2023-10-03 11:48:07 INFO     Training finished
2023-10-03 11:51:17 INFO     Training finished
2023-10-03 11:51:54 INFO     Training finished
2023-10-03 11:52:48 INFO     Training finished
2023-10-03 11:59:09 INFO     Training finished
2023-10-03 12:02:20 INFO     Training finished
2023-10-03 12:02:43 INFO     Training finished
2023-10-03 12:03:55 INFO     Training finished
2023-10-03 12:10:14 INFO     Training finished
2023-10-03 12:13:31 INFO     Training finished
2023-10-03 12:13:42 INFO     Training finished
2023-10-03 12:15:03 INFO     Training finished
2023-10-03 12:21:12 INFO     Training finished
2023-10-03 12:24:33 INFO     Training finished
2023-10-03 12:24:36 INFO     Training finished
2023-10-03 12:26:12 INFO     Training finished
2023-10-03 12:35:22 INFO     Training finished
2023-10-03 12:37:17 INFO     Training finished
2023-10-03 12:46:15 INFO     Training finished
